New!
Creating data...

id:1	content:data1
id:2	content:data2
id:3	content:data3
id:4	content:data4
id:5	content:data5
Saving data...  signal 15
#0
@20377
id:1	content:data1
id:2	content:data2
id:3	content:data3
id:4	content:data4
id:5	content:data5
Restaured data from file...

Restored
 id:1	content:data1
Restored
 id:2	content:data2
Restored
 id:3	content:data3
Restored
 id:4	content:data4
Restored
 id:5	content:data5
Saving data...  signal 15
#26519
@6524
id:1	content:data1
id:2	content:data2
id:3	content:data3
id:4	content:data4
id:5	content:data5
Restaured data from file...

Restored
 id:1	content:data1
Restored
 id:2	content:data2
Restored
 id:3	content:data3
Restored
 id:4	content:data4
Restored
 id:5	content:data5
Saving data...  signal 15
#26303
@8484
id:1	content:data1
id:2	content:data2
id:3	content:data3
id:4	content:data4
id:5	content:data5
Restaured data from file...

Restored
 id:1	content:data1
Restored
 id:2	content:data2
Restored
 id:3	content:data3
Restored
 id:4	content:data4
Restored
 id:5	content:data5
Saving data...  signal 15
#26237
@9226
id:1	content:data1
id:2	content:data2
id:3	content:data3
id:4	content:data4
id:5	content:data5
Restaured data from file...

Restored
 id:1	content:data1
Restored
 id:2	content:data2
Restored
 id:3	content:data3
Restored
 id:4	content:data4
Restored
 id:5	content:data5
Saving data...  signal 15
#26575
@6216
id:1	content:data1
id:2	content:data2
id:3	content:data3
id:4	content:data4
id:5	content:data5
Restaured data from file...

Restored
 id:1	content:data1
Restored
 id:2	content:data2
Restored
 id:3	content:data3
Restored
 id:4	content:data4
Restored
 id:5	content:data5
Saving data...  signal 15
#26930
@7476
id:1	content:data1
id:2	content:data2
id:3	content:data3
id:4	content:data4
id:5	content:data5
Restaured data from file...

Restored
 id:1	content:data1
Restored
 id:2	content:data2
Restored
 id:3	content:data3
Restored
 id:4	content:data4
Restored
 id:5	content:data5
Saving data...  signal 15
#26658
@9900
id:1	content:data1
id:2	content:data2
id:3	content:data3
id:4	content:data4
id:5	content:data5
Restaured data from file...

Restored
 id:1	content:data1
Restored
 id:2	content:data2
Restored
 id:3	content:data3
Restored
 id:4	content:data4
Restored
 id:5	content:data5
Saving data...  signal 15
#26607
@6160
id:1	content:data1
id:2	content:data2
id:3	content:data3
id:4	content:data4
id:5	content:data5
Restaured data from file...

Restored
 id:1	content:data1
Restored
 id:2	content:data2
Restored
 id:3	content:data3
Restored
 id:4	content:data4
Restored
 id:5	content:data5
Saving data...  signal 15
#26975
@7769
id:1	content:data1
id:2	content:data2
id:3	content:data3
id:4	content:data4
id:5	content:data5
Restaured data from file...

Restored
 id:1	content:data1
Restored
 id:2	content:data2
Restored
 id:3	content:data3
Restored
 id:4	content:data4
Restored
 id:5	content:data5
Saving data...  signal 15
#26654
@9367
id:1	content:data1
id:2	content:data2
id:3	content:data3
id:4	content:data4
id:5	content:data5
Restaured data from file...

Restored
 id:1	content:data1
Restored
 id:2	content:data2
Restored
 id:3	content:data3
Restored
 id:4	content:data4
Restored
 id:5	content:data5
Saving data...  signal 15
#26749
@7184
id:1	content:data1
id:2	content:data2
id:3	content:data3
id:4	content:data4
id:5	content:data5
Restaured data from file...

Restored
 id:1	content:data1
Restored
 id:2	content:data2
Restored
 id:3	content:data3
Restored
 id:4	content:data4
Restored
 id:5	content:data5
Saving data...  signal 15
#26499
@6680
id:1	content:data1
id:2	content:data2
id:3	content:data3
id:4	content:data4
id:5	content:data5
Restaured data from file...

Restored
 id:1	content:data1
Restored
 id:2	content:data2
Restored
 id:3	content:data3
Restored
 id:4	content:data4
Restored
 id:5	content:data5
Saving data...  signal 15
#26359
@8971
id:1	content:data1
id:2	content:data2
id:3	content:data3
id:4	content:data4
id:5	content:data5
Restaured data from file...

Restored
 id:1	content:data1
Restored
 id:2	content:data2
Restored
 id:3	content:data3
Restored
 id:4	content:data4
Restored
 id:5	content:data5
Saving data...  signal 15
#23953
@9210
id:1	content:data1
id:2	content:data2
id:3	content:data3
id:4	content:data4
id:5	content:data5
Restaured data from file...

Restored
 id:1	content:data1
Restored
 id:2	content:data2
Restored
 id:3	content:data3
Restored
 id:4	content:data4
Restored
 id:5	content:data5
Saving data...  signal 15
#26712
@10257
id:1	content:data1
id:2	content:data2
id:3	content:data3
id:4	content:data4
id:5	content:data5
Restaured data from file...

Restored
 id:1	content:data1
Restored
 id:2	content:data2
Restored
 id:3	content:data3
Restored
 id:4	content:data4
Restored
 id:5	content:data5
Saving data...  signal 15
#26657
@8367
id:1	content:data1
id:2	content:data2
id:3	content:data3
id:4	content:data4
id:5	content:data5
Restaured data from file...

Restored
 id:1	content:data1
Restored
 id:2	content:data2
Restored
 id:3	content:data3
Restored
 id:4	content:data4
Restored
 id:5	content:data5
Saving data...  signal 15
#26671
@6732
id:1	content:data1
id:2	content:data2
id:3	content:data3
id:4	content:data4
id:5	content:data5
Restaured data from file...

Restored
 id:1	content:data1
Restored
 id:2	content:data2
Restored
 id:3	content:data3
Restored
 id:4	content:data4
Restored
 id:5	content:data5
Saving data...  signal 15
#26449
@10171
id:1	content:data1
id:2	content:data2
id:3	content:data3
id:4	content:data4
id:5	content:data5
Restaured data from file...

Restored
 id:1	content:data1
Restored
 id:2	content:data2
Restored
 id:3	content:data3
Restored
 id:4	content:data4
Restored
 id:5	content:data5
Saving data...  signal 15
#26831
@5725
id:1	content:data1
id:2	content:data2
id:3	content:data3
id:4	content:data4
id:5	content:data5
Restaured data from file...

Restored
 id:1	content:data1
Restored
 id:2	content:data2
Restored
 id:3	content:data3
Restored
 id:4	content:data4
Restored
 id:5	content:data5
Saving data...  signal 15
#26596
@8324
id:1	content:data1
id:2	content:data2
id:3	content:data3
id:4	content:data4
id:5	content:data5
Restaured data from file...

Restored
 id:1	content:data1
Restored
 id:2	content:data2
Restored
 id:3	content:data3
Restored
 id:4	content:data4
Restored
 id:5	content:data5
Saving data...  signal 15
#26565
@7282
id:1	content:data1
id:2	content:data2
id:3	content:data3
id:4	content:data4
id:5	content:data5
Restaured data from file...

Restored
 id:1	content:data1
Restored
 id:2	content:data2
Restored
 id:3	content:data3
Restored
 id:4	content:data4
Restored
 id:5	content:data5
Saving data...  signal 15
#26607
@6280
id:1	content:data1
id:2	content:data2
id:3	content:data3
id:4	content:data4
id:5	content:data5
Restaured data from file...

Restored
 id:1	content:data1
Restored
 id:2	content:data2
Restored
 id:3	content:data3
Restored
 id:4	content:data4
Restored
 id:5	content:data5
Saving data...  signal 15
#26837
@6821
id:1	content:data1
id:2	content:data2
id:3	content:data3
id:4	content:data4
id:5	content:data5
Restaured data from file...

Restored
 id:1	content:data1
Restored
 id:2	content:data2
Restored
 id:3	content:data3
Restored
 id:4	content:data4
Restored
 id:5	content:data5
Saving data...  signal 15
#26434
@7965
id:1	content:data1
id:2	content:data2
id:3	content:data3
id:4	content:data4
id:5	content:data5
Restaured data from file...

Restored
 id:1	content:data1
Restored
 id:2	content:data2
Restored
 id:3	content:data3
Restored
 id:4	content:data4
Restored
 id:5	content:data5
Saving data...  signal 15
#26612
@6851
id:1	content:data1
id:2	content:data2
id:3	content:data3
id:4	content:data4
id:5	content:data5
Restaured data from file...

Restored
 id:1	content:data1
Restored
 id:2	content:data2
Restored
 id:3	content:data3
Restored
 id:4	content:data4
Restored
 id:5	content:data5
Saving data...  signal 15
#27024
@7790
id:1	content:data1
id:2	content:data2
id:3	content:data3
id:4	content:data4
id:5	content:data5
Restaured data from file...

Restored
 id:1	content:data1
Restored
 id:2	content:data2
Restored
 id:3	content:data3
Restored
 id:4	content:data4
Restored
 id:5	content:data5
Saving data...  signal 15
#26632
@6285
id:1	content:data1
id:2	content:data2
id:3	content:data3
id:4	content:data4
id:5	content:data5
Restaured data from file...

Restored
 id:1	content:data1
Restored
 id:2	content:data2
Restored
 id:3	content:data3
Restored
 id:4	content:data4
Restored
 id:5	content:data5
Saving data...  signal 15
#26694
@5659
id:1	content:data1
id:2	content:data2
id:3	content:data3
id:4	content:data4
id:5	content:data5
Restaured data from file...

Restored
 id:1	content:data1
Restored
 id:2	content:data2
Restored
 id:3	content:data3
Restored
 id:4	content:data4
Restored
 id:5	content:data5
Saving data...  signal 15
#26217
@8482
id:1	content:data1
id:2	content:data2
id:3	content:data3
id:4	content:data4
id:5	content:data5
Restaured data from file...

Restored
 id:1	content:data1
Restored
 id:2	content:data2
Restored
 id:3	content:data3
Restored
 id:4	content:data4
Restored
 id:5	content:data5
Saving data...  signal 15
#26633
@8324
id:1	content:data1
id:2	content:data2
id:3	content:data3
id:4	content:data4
id:5	content:data5
Restaured data from file...

Restored
 id:1	content:data1
Restored
 id:2	content:data2
Restored
 id:3	content:data3
Restored
 id:4	content:data4
Restored
 id:5	content:data5
Saving data...  signal 15
#26391
@7972
id:1	content:data1
id:2	content:data2
id:3	content:data3
id:4	content:data4
id:5	content:data5
Restaured data from file...

Restored
 id:1	content:data1
Restored
 id:2	content:data2
Restored
 id:3	content:data3
Restored
 id:4	content:data4
Restored
 id:5	content:data5
Saving data...  signal 15
#26544
@6802
id:1	content:data1
id:2	content:data2
id:3	content:data3
id:4	content:data4
id:5	content:data5
Restaured data from file...

Restored
 id:1	content:data1
Restored
 id:2	content:data2
Restored
 id:3	content:data3
Restored
 id:4	content:data4
Restored
 id:5	content:data5
Saving data...  signal 15
#26268
@8411
id:1	content:data1
id:2	content:data2
id:3	content:data3
id:4	content:data4
id:5	content:data5
Restaured data from file...

Restored
 id:1	content:data1
Restored
 id:2	content:data2
Restored
 id:3	content:data3
Restored
 id:4	content:data4
Restored
 id:5	content:data5
Saving data...  signal 15
#26412
@6578
id:1	content:data1
id:2	content:data2
id:3	content:data3
id:4	content:data4
id:5	content:data5
Restaured data from file...

Restored
 id:1	content:data1
Restored
 id:2	content:data2
Restored
 id:3	content:data3
Restored
 id:4	content:data4
Restored
 id:5	content:data5
Saving data...  signal 15
#24973
@5958
id:1	content:data1
id:2	content:data2
id:3	content:data3
id:4	content:data4
id:5	content:data5
Restaured data from file...

Restored
 id:1	content:data1
Restored
 id:2	content:data2
Restored
 id:3	content:data3
Restored
 id:4	content:data4
Restored
 id:5	content:data5
Saving data...  signal 15
#26692
@6387
id:1	content:data1
id:2	content:data2
id:3	content:data3
id:4	content:data4
id:5	content:data5
Restaured data from file...

Restored
 id:1	content:data1
Restored
 id:2	content:data2
Restored
 id:3	content:data3
Restored
 id:4	content:data4
Restored
 id:5	content:data5
Saving data...  signal 15
#26854
@7327
id:1	content:data1
id:2	content:data2
id:3	content:data3
id:4	content:data4
id:5	content:data5
Restaured data from file...

Restored
 id:1	content:data1
Restored
 id:2	content:data2
Restored
 id:3	content:data3
Restored
 id:4	content:data4
Restored
 id:5	content:data5
Saving data...  signal 15
#26203
@7173
id:1	content:data1
id:2	content:data2
id:3	content:data3
id:4	content:data4
id:5	content:data5
Restaured data from file...

Restored
 id:1	content:data1
Restored
 id:2	content:data2
Restored
 id:3	content:data3
Restored
 id:4	content:data4
Restored
 id:5	content:data5
Saving data...  signal 15
#26627
@7032
id:1	content:data1
id:2	content:data2
id:3	content:data3
id:4	content:data4
id:5	content:data5
Restaured data from file...

Restored
 id:1	content:data1
Restored
 id:2	content:data2
Restored
 id:3	content:data3
Restored
 id:4	content:data4
Restored
 id:5	content:data5
Saving data...  signal 15
#26837
@5877
id:1	content:data1
id:2	content:data2
id:3	content:data3
id:4	content:data4
id:5	content:data5
Restaured data from file...

Restored
 id:1	content:data1
Restored
 id:2	content:data2
Restored
 id:3	content:data3
Restored
 id:4	content:data4
Restored
 id:5	content:data5
Saving data...  signal 15
#26509
@8442
id:1	content:data1
id:2	content:data2
id:3	content:data3
id:4	content:data4
id:5	content:data5
Restaured data from file...

Restored
 id:1	content:data1
Restored
 id:2	content:data2
Restored
 id:3	content:data3
Restored
 id:4	content:data4
Restored
 id:5	content:data5
Saving data...  signal 15
#26185
@6313
id:1	content:data1
id:2	content:data2
id:3	content:data3
id:4	content:data4
id:5	content:data5
Restaured data from file...

Restored
 id:1	content:data1
Restored
 id:2	content:data2
Restored
 id:3	content:data3
Restored
 id:4	content:data4
Restored
 id:5	content:data5
Saving data...  signal 15
#26209
@5761
id:1	content:data1
id:2	content:data2
id:3	content:data3
id:4	content:data4
id:5	content:data5
Restaured data from file...

Restored
 id:1	content:data1
Restored
 id:2	content:data2
Restored
 id:3	content:data3
Restored
 id:4	content:data4
Restored
 id:5	content:data5
Saving data...  signal 15
#27159
@7818
id:1	content:data1
id:2	content:data2
id:3	content:data3
id:4	content:data4
id:5	content:data5
Restaured data from file...

Restored
 id:1	content:data1
Restored
 id:2	content:data2
Restored
 id:3	content:data3
Restored
 id:4	content:data4
Restored
 id:5	content:data5
Saving data...  signal 15
#26205
@7481
id:1	content:data1
id:2	content:data2
id:3	content:data3
id:4	content:data4
id:5	content:data5
Restaured data from file...

Restored
 id:1	content:data1
Restored
 id:2	content:data2
Restored
 id:3	content:data3
Restored
 id:4	content:data4
Restored
 id:5	content:data5
Saving data...  signal 15
#27031
@6837
id:1	content:data1
id:2	content:data2
id:3	content:data3
id:4	content:data4
id:5	content:data5
Restaured data from file...

Restored
 id:1	content:data1
Restored
 id:2	content:data2
Restored
 id:3	content:data3
Restored
 id:4	content:data4
Restored
 id:5	content:data5
Saving data...  signal 15
#27438
@6968
id:1	content:data1
id:2	content:data2
id:3	content:data3
id:4	content:data4
id:5	content:data5
Restaured data from file...

Restored
 id:1	content:data1
Restored
 id:2	content:data2
Restored
 id:3	content:data3
Restored
 id:4	content:data4
Restored
 id:5	content:data5
Saving data...  signal 15
#26628
@9084
id:1	content:data1
id:2	content:data2
id:3	content:data3
id:4	content:data4
id:5	content:data5
Restaured data from file...

Restored
 id:1	content:data1
Restored
 id:2	content:data2
Restored
 id:3	content:data3
Restored
 id:4	content:data4
Restored
 id:5	content:data5
Saving data...  signal 15
#26712
@6911
id:1	content:data1
id:2	content:data2
id:3	content:data3
id:4	content:data4
id:5	content:data5
Restaured data from file...

Restored
 id:1	content:data1
Restored
 id:2	content:data2
Restored
 id:3	content:data3
Restored
 id:4	content:data4
Restored
 id:5	content:data5
Saving data...  signal 15
#26627
@6333
id:1	content:data1
id:2	content:data2
id:3	content:data3
id:4	content:data4
id:5	content:data5
Restaured data from file...

Restored
 id:1	content:data1
Restored
 id:2	content:data2
Restored
 id:3	content:data3
Restored
 id:4	content:data4
Restored
 id:5	content:data5
Saving data...  signal 15
#26311
@6652
id:1	content:data1
id:2	content:data2
id:3	content:data3
id:4	content:data4
id:5	content:data5
Restaured data from file...

Restored
 id:1	content:data1
Restored
 id:2	content:data2
Restored
 id:3	content:data3
Restored
 id:4	content:data4
Restored
 id:5	content:data5
Saving data...  signal 15
#26577
@6277
id:1	content:data1
id:2	content:data2
id:3	content:data3
id:4	content:data4
id:5	content:data5
Restaured data from file...

Restored
 id:1	content:data1
Restored
 id:2	content:data2
Restored
 id:3	content:data3
Restored
 id:4	content:data4
Restored
 id:5	content:data5
Saving data...  signal 15
#26476
@7742
id:1	content:data1
id:2	content:data2
id:3	content:data3
id:4	content:data4
id:5	content:data5
Restaured data from file...

Restored
 id:1	content:data1
Restored
 id:2	content:data2
Restored
 id:3	content:data3
Restored
 id:4	content:data4
Restored
 id:5	content:data5
Saving data...  signal 15
#26272
@7802
id:1	content:data1
id:2	content:data2
id:3	content:data3
id:4	content:data4
id:5	content:data5
Restaured data from file...

Restored
 id:1	content:data1
Restored
 id:2	content:data2
Restored
 id:3	content:data3
Restored
 id:4	content:data4
Restored
 id:5	content:data5
Saving data...  signal 15
#26771
@7858
id:1	content:data1
id:2	content:data2
id:3	content:data3
id:4	content:data4
id:5	content:data5
Restaured data from file...

Restored
 id:1	content:data1
Restored
 id:2	content:data2
Restored
 id:3	content:data3
Restored
 id:4	content:data4
Restored
 id:5	content:data5
Saving data...  signal 15
#27024
@6280
id:1	content:data1
id:2	content:data2
id:3	content:data3
id:4	content:data4
id:5	content:data5
Restaured data from file...

Restored
 id:1	content:data1
Restored
 id:2	content:data2
Restored
 id:3	content:data3
Restored
 id:4	content:data4
Restored
 id:5	content:data5
Saving data...  signal 15
#26439
@6115
id:1	content:data1
id:2	content:data2
id:3	content:data3
id:4	content:data4
id:5	content:data5
Restaured data from file...

Restored
 id:1	content:data1
Restored
 id:2	content:data2
Restored
 id:3	content:data3
Restored
 id:4	content:data4
Restored
 id:5	content:data5
Saving data...  signal 15
#26733
@6320
id:1	content:data1
id:2	content:data2
id:3	content:data3
id:4	content:data4
id:5	content:data5
Restaured data from file...

Restored
 id:1	content:data1
Restored
 id:2	content:data2
Restored
 id:3	content:data3
Restored
 id:4	content:data4
Restored
 id:5	content:data5
Saving data...  signal 15
#26625
@6399
id:1	content:data1
id:2	content:data2
id:3	content:data3
id:4	content:data4
id:5	content:data5
Restaured data from file...

Restored
 id:1	content:data1
Restored
 id:2	content:data2
Restored
 id:3	content:data3
Restored
 id:4	content:data4
Restored
 id:5	content:data5
Saving data...  signal 15
#26769
@6189
id:1	content:data1
id:2	content:data2
id:3	content:data3
id:4	content:data4
id:5	content:data5
Restaured data from file...

Restored
 id:1	content:data1
Restored
 id:2	content:data2
Restored
 id:3	content:data3
Restored
 id:4	content:data4
Restored
 id:5	content:data5
Saving data...  signal 15
#26394
@6231
id:1	content:data1
id:2	content:data2
id:3	content:data3
id:4	content:data4
id:5	content:data5
Restaured data from file...

Restored
 id:1	content:data1
Restored
 id:2	content:data2
Restored
 id:3	content:data3
Restored
 id:4	content:data4
Restored
 id:5	content:data5
Saving data...  signal 15
#26524
@8483
id:1	content:data1
id:2	content:data2
id:3	content:data3
id:4	content:data4
id:5	content:data5
Restaured data from file...

Restored
 id:1	content:data1
Restored
 id:2	content:data2
Restored
 id:3	content:data3
Restored
 id:4	content:data4
Restored
 id:5	content:data5
Saving data...  signal 15
#26179
@7096
id:1	content:data1
id:2	content:data2
id:3	content:data3
id:4	content:data4
id:5	content:data5
Restaured data from file...

Restored
 id:1	content:data1
Restored
 id:2	content:data2
Restored
 id:3	content:data3
Restored
 id:4	content:data4
Restored
 id:5	content:data5
Saving data...  signal 15
#26180
@7429
id:1	content:data1
id:2	content:data2
id:3	content:data3
id:4	content:data4
id:5	content:data5
Restaured data from file...

Restored
 id:1	content:data1
Restored
 id:2	content:data2
Restored
 id:3	content:data3
Restored
 id:4	content:data4
Restored
 id:5	content:data5
Saving data...  signal 15
#26402
@6351
id:1	content:data1
id:2	content:data2
id:3	content:data3
id:4	content:data4
id:5	content:data5
Restaured data from file...

Restored
 id:1	content:data1
Restored
 id:2	content:data2
Restored
 id:3	content:data3
Restored
 id:4	content:data4
Restored
 id:5	content:data5
Saving data...  signal 15
#26729
@5758
id:1	content:data1
id:2	content:data2
id:3	content:data3
id:4	content:data4
id:5	content:data5
Restaured data from file...

Restored
 id:1	content:data1
Restored
 id:2	content:data2
Restored
 id:3	content:data3
Restored
 id:4	content:data4
Restored
 id:5	content:data5
Saving data...  signal 15
#26582
@8439
id:1	content:data1
id:2	content:data2
id:3	content:data3
id:4	content:data4
id:5	content:data5
Restaured data from file...

Restored
 id:1	content:data1
Restored
 id:2	content:data2
Restored
 id:3	content:data3
Restored
 id:4	content:data4
Restored
 id:5	content:data5
Saving data...  signal 15
#26279
@5649
id:1	content:data1
id:2	content:data2
id:3	content:data3
id:4	content:data4
id:5	content:data5
Restaured data from file...

Restored
 id:1	content:data1
Restored
 id:2	content:data2
Restored
 id:3	content:data3
Restored
 id:4	content:data4
Restored
 id:5	content:data5
Saving data...  signal 15
#26446
@7321
id:1	content:data1
id:2	content:data2
id:3	content:data3
id:4	content:data4
id:5	content:data5
Restaured data from file...

Restored
 id:1	content:data1
Restored
 id:2	content:data2
Restored
 id:3	content:data3
Restored
 id:4	content:data4
Restored
 id:5	content:data5
Saving data...  signal 15
#26724
@7656
id:1	content:data1
id:2	content:data2
id:3	content:data3
id:4	content:data4
id:5	content:data5
Restaured data from file...

Restored
 id:1	content:data1
Restored
 id:2	content:data2
Restored
 id:3	content:data3
Restored
 id:4	content:data4
Restored
 id:5	content:data5
Saving data...  signal 15
#26239
@21184
id:1	content:data1
id:2	content:data2
id:3	content:data3
id:4	content:data4
id:5	content:data5
Restaured data from file...

Restored
 id:1	content:data1
Restored
 id:2	content:data2
Restored
 id:3	content:data3
Restored
 id:4	content:data4
Restored
 id:5	content:data5
Saving data...  signal 15
#24424
@17677
