133324
192816
206752
216560
230496
240304
254224
276320
322944
365456
407968
458688
501184
543700
590324
632836
679444
721956
764452
811080
853576
896088
946812
989308
1035932
1078444
1120940
1167564
1210060
1252556
1299164
1341660
1384160
1430784
1473280
1515776
1562384
1604880
1647376
1693984
1736480
1787200
1829696
1872196
1918804
1961300
2003796
2050404
2092884
2135380
192800
206736
216544
230480
240288
254224
276304
322928
365440
407952
454576
497072
543684
590308
632820
679428
721940
764452
811064
853576
896072
942700
985196
1031804
1078428
1120924
1167532
1210044
1252540
1299148
1341644
1384144
1430752
1473264
1515760
1562368
1604880
1647376
1693984
1740592
1787200
1829696
1872212
1918804
1961300
2003780
2050388
2092884
2135364
192816
206736
216560
230480
240288
254224
276304
322928
365440
407952
454576
501184
543684
590308
632820
679444
721956
764452
811064
853576
896072
942700
985196
1031804
1078428
1120924
1167532
1210044
1252540
1299148
1341644
1384144
1430752
1473264
1515760
1562368
1604880
1647376
1698096
1740592
1787200
1829696
1872212
1918804
1961300
2003780
2050388
2092868
2135364
192816
206736
216560
230480
240304
254224
276304
322928
365440
407952
454576
497072
543684
590308
632820
679444
721940
764452
811064
853576
896072
942700
989308
1031804
1078428
1120924
1167548
1210044
1252556
1299164
1341660
1384160
1430768
1473280
1515776
1562384
1604896
1651504
1698112
1740608
1787216
1829728
1872228
1918836
1961316
2003812
2050404
2092900
2135396
192816
206736
216560
230480
240304
254224
276304
322928
365440
407952
454576
501184
543700
590324
632820
679444
721956
764452
811064
853576
896088
942700
989308
1035932
1078428
1120940
1167548
1210044
1252556
1299164
1341660
1384160
1430768
1473280
1515776
1562384
1604896
1651504
1698096
1740608
1787216
1829712
1872212
1918820
1961316
2003812
2050404
2092900
2135396
192816
206736
216560
230480
240304
254224
276304
322928
365440
407952
454576
501184
543700
590324
632820
679444
721956
764452
811080
853576
896088
946812
989308
1035932
1078444
1120940
1167548
1210060
1252556
1299148
1341644
1384144
1430768
1473264
1515760
1562368
1604864
1647344
1693952
1736448
1778944
1825552
1868052
1914660
1957156
1999652
2046244
2088740
2131236
192816
206736
216560
230480
240304
254224
276304
322944
365440
407952
454576
501184
543700
590324
632820
679444
721956
764452
811064
853576
896088
946812
989308
1035932
1078428
1120940
1167548
1210060
1252556
1299164
1341660
1384160
1430768
1473280
1515776
1562384
1604880
1647376
1693984
1736480
1783088
1829680
1872180
1918788
1961268
2003764
2050372
2092852
2135348
192816
206736
216560
230480
240304
254224
276304
322928
365440
407952
454560
497072
543684
590308
632804
679428
721940
764436
811048
853560
896056
942684
985180
1027692
1078396
1120892
1167516
1210012
1252508
1299132
1341612
1384128
1430736
1473232
1515744
1562352
1604848
1647360
1693968
1736464
1783072
1825568
1868068
1918772
1961268
1999652
2050356
2088740
2131236
192816
206736
216560
230480
240288
254224
276304
322928
365440
407936
454560
497072
543684
590292
632804
679428
721924
764420
811048
853544
896040
942668
985164
1027676
1074284
1120892
1167500
1209996
1252492
1299100
1341596
1384096
1430704
1473216
1515712
1562320
1604832
1647328
1693936
1736432
1778944
1825552
1868052
1918772
1961268
2003764
2050372
2092868
2135364
192816
206736
216560
230480
240304
254224
276304
322928
365440
407936
454560
497072
543668
590292
632804
679412
721924
764420
811032
853544
896040
942668
985164
1027676
1074284
1120892
1167500
1210012
1252508
1299116
1341596
1384112
1430720
1473216
1515728
1562336
1604832
1647344
1693952
1736448
1778944
1825568
1868068
1918772
1961284
2003780
2050372
2092884
2135380
192816
206736
216560
230480
240304
254224
276304
322944
365440
407952
454576
501184
543700
590308
632820
679444
721956
764452
811080
853576
896088
942700
989308
1035932
1078428
1120940
1167548
1210060
1252556
1299164
1341644
1384144
1430768
1473264
1515776
1562384
1604880
1651504
1698096
1740592
1787216
1829712
1872228
1918836
1961348
2003844
2050452
2092948
2135444
192816
206736
216560
230480
240304
254224
276304
322928
365440
407952
454576
501184
543684
590308
632820
679428
721940
764452
811064
853560
896072
942700
985196
1031804
1078428
1120924
1167532
1210044
1252540
1299148
1341644
1384144
1430768
1473264
1515760
1562368
1604880
1647376
1693984
1736480
1787200
1829696
1872212
1918820
1961332
2003828
2050436
2092932
2135428
192816
206736
216560
230480
240304
254224
276304
322944
365440
407952
454576
501184
543700
590324
632820
679444
721940
764452
811064
853576
896072
942700
985196
1031804
1078428
1120924
1167532
1210044
1252540
1299148
1341644
1384144
1430768
1473264
1515760
1562384
1604880
1651504
1698096
1740592
1787216
1829712
1872228
1918836
1961348
2003844
2050452
2092948
2135444
192816
206736
216560
230480
240304
254224
276304
322928
365440
407952
454576
501184
543700
590324
632820
679444
721940
764452
811064
853576
896072
942700
989308
1031804
1078428
1120924
1167548
1210044
1252540
1299148
1341644
1384144
1430768
1473264
1515776
1562384
1604880
1651504
1698096
1740608
1787216
1829728
1872228
1918836
1961348
2003844
2050452
2092948
2135444
192816
206736
216560
230480
240288
254224
276304
322928
365440
407952
454576
501184
543700
590308
632820
679444
721940
764452
811064
853576
896072
942700
989308
1031804
1078428
1120924
1167532
1210044
1252540
1299148
1341644
1384144
1430768
1473264
1515776
1562384
1604896
1651504
1698096
1740592
1787200
1829712
1872212
1918820
1961300
2003796
2050404
2092884
2135380
192816
206736
216560
230480
240304
254224
276304
322928
365440
407952
454576
497072
543684
590308
632820
679428
721940
764452
811064
853560
896072
942684
985196
1031804
1078428
1120924
1167532
1210044
1252540
1299148
1341644
1384144
1430768
1473264
1515776
1562384
1604880
1647376
1698096
1740592
1787200
1829712
1872212
1918836
1961332
2003828
2050436
2092932
2135444
192816
206736
216560
230480
240304
254224
276304
322928
365440
407952
454576
501184
543700
590308
632820
679428
721940
764436
811064
853560
896072
942700
985196
1031804
1078428
1120924
1167564
1210060
1252556
1299180
1341660
1384176
1430784
1473296
1515792
1562416
1609008
1655632
1698128
1740624
1787248
1829744
1872260
1918884
1961380
2003876
2050484
2092980
2135476
192816
206736
216560
230480
240304
254224
276304
322928
365440
407952
454576
501184
543700
590324
632820
679444
721956
764452
811080
853592
896088
946812
989324
1035948
1078444
1120956
1167564
1210076
1252572
1299180
1341660
1384160
1430784
1473280
1515792
1562400
1609008
1655616
1698128
1740624
1787248
1829744
1872260
1918868
1961380
2003876
2050484
2092980
2135476
192816
206736
216560
230480
240304
254224
276304
322944
365440
407952
454576
501184
543700
590340
632836
679460
721972
764484
811096
853608
896104
946828
989340
1035964
1078460
1120972
1167580
1210092
1252588
1299196
1341692
1384208
1430816
1477424
1524032
1566528
1609040
1655648
1698160
1740656
1787280
1829776
1872292
1918900
1961412
2003908
2050516
2093012
2143732
192816
206736
216560
230480
240304
254224
276320
322944
365456
407968
454576
501184
543700
590324
632836
679460
721972
764468
811096
853592
896104
946828
989324
1035948
1078460
1120956
1167580
1210076
1252572
1299196
1341676
1384192
1430800
1473312
1515808
1562416
1609024
1655632
1698144
1740640
1787264
1829760
1872276
1918884
1961380
2003876
2050484
2092980
2135476
192816
206736
216560
230480
240304
254224
276304
322944
365456
407968
454576
501184
543700
590324
632836
679460
721972
764468
811080
853592
896104
946812
989324
1035948
1078460
1120956
1167580
1210076
1252572
1299180
1341676
1384192
1430800
1473312
1515808
1562416
1609024
1655648
1698144
1740640
1787264
1829760
1872276
1918884
1961380
2003860
2050468
2092964
2135460
192816
206736
216560
230480
240304
254224
276304
322944
365440
407968
454576
501184
543700
590324
632836
679460
721972
764468
811096
853592
896104
946828
989324
1035948
1078460
1120956
1167580
1210076
1252588
1299196
1341676
1384176
1430800
1473296
1515808
1562416
1609024
1655632
1698128
1740640
1787248
1829760
1872276
1918884
1961396
2003892
2050500
2092996
2139620
192816
206736
216560
230480
240304
254224
276320
322944
365456
407968
458688
501200
547828
590340
632836
679460
721972
764468
811096
853592
896104
946828
989324
1035948
1078460
1120956
1167580
1210076
1252572
1299180
1341692
1384192
1430816
1473312
1524032
1566528
1609040
1655648
1698144
1740656
1787264
1829776
1872292
1918900
1961396
2003892
2050516
2093012
2139620
192816
206736
216560
230480
240304
254224
276320
322944
365440
407952
454576
501184
543700
590324
632820
679444
721956
764452
811080
853592
896088
946812
989324
1035948
1078444
1120956
1167564
1210060
1252572
1299180
1341676
1384176
1430800
1473296
1515808
1562416
1609024
1655632
1698144
1740640
1787264
1829760
1872276
1918884
1961396
2003892
2050500
2092996
2139620
192816
206736
216560
230480
240304
254224
276320
322944
365456
407968
454576
501184
543700
590324
632836
679460
721956
764468
811080
853592
896104
946812
989324
1035948
1078460
1120956
1167580
1210076
1252572
1299196
1341692
1384192
1430800
1473312
1515808
1566528
1609024
1655648
1698144
1740640
1787264
1829776
1872276
1918900
1961396
2003892
2050500
2093012
2139620
192816
206736
216560
230480
240304
254224
276304
322944
365456
407968
454576
501184
543700
590324
632836
679460
721972
764468
811096
853592
896104
946828
989340
1035948
1078460
1120972
1167580
1210092
1252588
1299196
1341692
1384192
1430816
1477424
1524032
1566528
1609040
1655648
1698160
1740656
1787280
1829776
1872292
1918900
1961396
2003908
2050516
2093012
2139620
192816
206736
216560
230480
240304
254224
276320
322944
365456
407968
454576
501200
543700
590340
632836
679460
721972
764468
811096
853608
896104
946828
989340
1035964
1078460
1120972
1167596
1210092
1252588
1299196
1341692
1384208
1430816
1477424
1524032
1566544
1609040
1655664
1698160
1740672
1787280
1829792
1872292
1918900
1961396
2003876
2050484
2092980
2135476
192816
206736
216560
230480
240304
254224
276304
322944
365456
407968
454576
501200
543700
590324
632836
679460
721956
764468
811080
853592
896088
946812
989324
1035948
1078444
1120956
1167564
1210076
1252572
1299180
1341692
1384192
1430816
1477424
1524032
1566528
1609040
1655664
1698160
1740672
1787280
1829776
1872292
1918900
1961380
2003876
2050484
2092964
2135476
192816
206736
216560
230480
240304
254224
276320
322944
365456
407968
458688
501184
543700
590324
632836
679460
721972
764468
811096
853608
896104
946828
989340
1035964
1078460
1120972
1167580
1210092
1252588
1299196
1341692
1384208
1430816
1477424
1524032
1566544
1609040
1655664
1698160
1740656
1787280
1829776
1872292
1918900
1961412
2003908
2050516
2093028
2143732
192816
206752
216560
230480
240304
254224
276320
322944
365456
407968
458688
501200
547828
590340
632836
679460
721972
764484
811096
853608
896104
946828
989340
1035964
1078476
1120972
1167596
1210092
1252588
1299196
1341692
1384208
1430816
1477424
1524048
1566544
1609056
1655664
1698160
1740672
1787280
1829792
1872308
1918916
1961428
2008036
2050532
2093028
2143732
192816
206736
216560
230480
240304
254224
276304
322944
365440
407968
454576
501184
543700
590324
632836
679460
721972
764468
811096
853592
896104
946828
989340
1035948
1078460
1120956
1167580
1210076
1252588
1299196
1341692
1384192
1430816
1477424
1524032
1566528
1609040
1655648
1698160
1740656
1787280
1829792
1872292
1918916
1961412
2003908
2050516
2093028
2143732
192816
206752
216560
230496
240304
254224
276320
322944
365456
407968
458688
501200
547828
590340
632852
679460
721972
764484
811096
853608
896104
946828
989340
1035964
1078460
1120972
1167596
1210092
1252588
1299196
1341692
1384208
1430816
1477424
1524032
1566544
1609040
1655648
1698160
1740656
1787280
1829776
1872292
1918900
1961412
2003908
2050516
2093012
2143732
192816
206752
216560
230496
240304
254224
276320
322944
365456
407968
458688
501200
547828
590340
632836
679460
721956
764468
811096
853592
896104
946812
989324
1035948
1078460
1120956
1167580
1210076
1252572
1299196
1341692
1384192
1430816
1473312
1524032
1566528
1609040
1655648
1698144
1740656
1787264
1829776
1872276
1918900
1961396
2003892
2050516
2093012
2139620
192816
206752
216560
230480
240304
254224
276320
322944
365456
407968
454576
501184
543700
590324
632836
679460
721972
764468
811096
853592
896104
946828
989324
1035948
1078460
1120956
1167580
1210076
1252572
1299180
1341676
1384192
1430800
1473312
1515808
1566528
1609024
1655648
1698144
1740640
1787264
1829760
1872276
1918884
1961396
2003892
2050500
2092996
2139620
192816
206736
216560
230496
240304
254224
276320
322944
365456
407968
458688
501200
547828
590340
632836
679460
721972
764468
811096
853608
896104
946828
989340
1035964
1078460
1120972
1167580
1210092
1252588
1299196
1341692
1384208
1430816
1477424
1524032
1566528
1609040
1655664
1698160
1740656
1787280
1829792
1872292
1918916
1961412
2003908
2050516
2093028
2143732
192816
206736
216560
230480
240304
254224
276320
322944
365456
407968
458688
501200
547828
590340
632852
679460
721972
764484
811096
853608
900216
946828
989340
1035964
1078476
1120972
1167596
1210092
1252604
1299212
1341708
1384208
1430832
1477440
1524048
1566544
1609056
1655664
1698160
1740672
1787280
1829792
1872308
1918916
1961428
2008036
2050532
2093028
2143748
192816
206736
216560
230480
240304
254224
276304
322944
365456
407952
454576
501184
543700
590324
632836
679460
721956
764468
811096
853592
896104
946828
989324
1035948
1078444
1120956
1167564
1210076
1252572
1299180
1341676
1384192
1430800
1473312
1515808
1562416
1609024
1655632
1698144
1740640
1787248
1829760
1872260
1918884
1961380
2003876
2050484
2092996
2139604
192816
206752
216560
230480
240304
254224
276320
322944
365456
407968
454576
501184
543700
590324
632836
679460
721972
764468
811096
853592
896104
946828
989340
1035948
1078460
1120956
1167580
1210076
1252572
1299196
1341676
1384192
1430800
1473312
1515808
1566528
1609024
1655648
1698144
1740656
1787264
1829776
1872276
1918900
1961396
2003892
2050500
2093012
2139620
192816
206736
216560
230480
240304
254224
276320
322944
365456
407968
458688
501200
547828
590340
632836
679460
721972
764468
811096
853608
896104
946828
989340
1035964
1078460
1120972
1167580
1210076
1252588
1299196
1341692
1384192
1430816
1473312
1524032
1566528
1609040
1655648
1698144
1740656
1787264
1829776
1872292
1918900
1961396
2003892
2050516
2093012
2139620
192816
206736
216560
230480
240304
254224
276304
322944
365440
407952
454576
501184
543700
590324
632836
679444
721956
764468
811080
853592
896088
946812
989324
1035932
1078444
1120940
1167548
1210060
1252556
1299164
1341660
1384160
1430784
1473296
1515792
1562416
1609008
1655616
1698128
1740624
1787248
1829744
1872260
1918868
1961348
2003844
2050436
2092932
2135428
192816
206736
216560
230480
240304
254224
276304
322944
365456
407968
454576
501184
543700
590324
632836
679460
721956
764468
811080
853592
896088
946812
989324
1035932
1078444
1120940
1167564
1210060
1252556
1299180
1341660
1384176
1430800
1473296
1515808
1562416
1609024
1655632
1698144
1740640
1787248
1829760
1872276
1918884
1961380
2003876
2050468
2092964
2135460
192816
206736
216560
230480
240304
254224
276304
322944
365456
407968
454576
501184
543700
590324
632836
679460
721956
764468
811080
853592
896104
946828
989340
1035948
1078460
1120956
1167580
1210076
1252588
1299196
1341692
1384192
1430800
1473312
1515808
1566528
1609024
1655648
1698144
1740640
1787264
1829760
1872276
1918900
1961396
2003892
2050500
2092996
2139604
192816
206752
216560
230480
240304
254224
276320
322944
365456
407968
458688
501200
547828
590340
632836
679460
721972
764468
811096
853592
896104
946828
989324
1035948
1078460
1120956
1167580
1210076
1252572
1299196
1341676
1384192
1430800
1473312
1524032
1566528
1609024
1655648
1698144
1740640
1787248
1829760
1872276
1918884
1961396
2003892
2050500
2093012
2139620
192816
206736
216560
230480
240304
254224
276304
322944
365456
407952
454576
501184
543700
590324
632836
679460
721972
764468
811096
853592
896104
946812
989324
1035948
1078444
1120956
1167564
1210076
1252572
1299180
1341676
1384176
1430800
1473296
1515792
1562416
1609008
1655632
1698128
1740640
1787248
1829760
1872260
1918884
1961380
2003876
2050500
2092996
2139604
192816
206752
216560
230480
240304
254224
276320
322944
365456
407968
454576
501184
543700
590324
632836
679444
721956
764452
811080
853576
896088
942716
989308
1035932
1078444
1120940
1167564
1210060
1252556
1299180
1341660
1384176
1430784
1473296
1515792
1562416
1609008
1655632
1698128
1740624
1787248
1829760
1872260
1918884
1961380
2003892
2050500
2092996
2139604
192816
206752
216560
230480
240304
254224
276320
322944
365456
407968
458688
501200
543700
590324
632836
679460
721972
764468
811096
853592
896104
946828
989340
1035948
1078460
1120972
1167580
1210092
1252588
1299196
1341692
1384192
1430816
1473312
1524032
1566528
1609040
1655648
1698160
1740656
1787280
1829776
1872292
1918916
1961412
2003908
2050532
2093028
2143732
192816
206752
216560
230480
240304
254224
276320
322944
365456
407968
458688
501200
547828
590340
632852
679460
721972
764468
811096
853608
896104
946828
989340
1035964
1078460
1120956
1167580
1210076
1252588
1299196
1341692
1384208
1430816
1477424
1524032
1566544
1609040
1655664
1698160
1740656
1787280
1829792
1872292
1918916
1961412
2003908
2050516
2093028
2143732
192816
206736
216560
230480
240304
254224
276320
322944
365456
407968
454576
501184
543700
590324
632836
679460
721956
764468
811080
853592
896104
946812
989324
1035948
1078444
1120956
1167564
1210060
1252572
1299180
1341676
1384176
1430800
1473296
1515808
1562416
1609024
1655632
1698144
1740640
1787264
1829760
1872276
1918884
1961396
2003892
2050500
2092996
2139620
192816
206736
216560
230480
240304
254224
276320
322944
365456
407968
454576
501184
543700
590324
632836
679460
721972
764468
811096
853592
896104
946828
989340
1035948
1078460
1120956
1167580
1210076
1252588
1299196
1341692
1384192
1430816
1473312
1524032
1566528
1609040
1655648
1698160
1740656
1787280
1829792
1872292
1918916
1961412
2003908
2050516
2093012
2143732
192816
206736
216560
230496
240304
254224
276320
322944
365456
407968
458688
501200
547828
590340
632836
679460
721972
764468
811096
853608
896104
946828
989340
1035964
1078460
1120972
1167580
1210092
1252588
1299212
1341708
1384208
1430832
1477424
1524048
1566544
1609056
1655664
1698176
1740672
1787296
1829792
1872308
1918916
1961428
2003908
2050516
2093012
2139604
192816
206736
216560
230480
240304
254224
276320
322944
365456
407952
454576
501184
543700
590324
632836
679460
721956
764468
811096
853592
896104
946828
989340
1035964
1078460
1120972
1167580
1210092
1252588
1299196
1341692
1384192
1430816
1477424
1524032
1566528
1609040
1655648
1698144
1740656
1787264
1829776
1872276
1918900
1961396
2003892
2050500
2093012
2139620
192816
206736
216560
230480
240304
254224
276320
322944
365456
407968
454576
501200
547828
590324
632836
679460
721972
764468
811096
853592
896104
946828
989340
1035948
1078460
1120956
1167580
1210092
1252588
1299196
1341692
1384208
1430816
1477424
1524032
1566544
1609040
1655664
1698160
1740672
1787280
1829792
1872292
1918916
1961412
2003908
2050516
2093028
2143732
192816
206736
216560
230496
240304
254224
276320
322944
365456
407968
458688
501200
547828
590340
632836
679460
721972
764468
811096
853608
896104
946828
989340
1035964
1078460
1120972
1167580
1210092
1252588
1299196
1341692
1384208
1430816
1477424
1524032
1566544
1609040
1655664
1698160
1740656
1787280
1829792
1872292
1918916
1961412
2003908
2050516
2093028
2143732
192816
206736
216560
230480
240304
254224
276320
322944
365456
407968
458688
501184
543700
590324
632836
679460
721956
764468
811096
853592
896104
946828
989324
1035948
1078460
1120956
1167580
1210092
1252588
1299196
1341692
1384192
1430816
1477424
1524032
1566544
1609040
1655664
1698160
1740672
1787280
1829792
1872292
1918916
1961412
2003908
2050532
2093028
2143732
192816
206736
216560
230480
240304
254224
276320
322944
365456
407968
454576
501200
543700
590324
632836
679460
721956
764468
811080
853592
896088
946812
989308
1035932
1078444
1120940
1167564
1210060
1252556
1299180
1341660
1384176
1430784
1473296
1515792
1562400
1609008
1655632
1698128
1740624
1787248
1829744
1872260
1918868
1961380
2003876
2050484
2092980
2135476
192816
206752
216560
230496
240304
254240
276320
322944
365456
407968
458688
501184
543700
590340
632836
679460
721972
764484
811096
853608
896104
946828
989340
1035964
1078476
1120972
1167596
1210092
1252604
1299212
1341708
1384208
1430832
1477424
1524048
1566544
1609056
1655664
1698176
1740672
1787280
1829792
1872308
1918916
1961428
2008036
2050532
2093028
2143748
192816
206736
216560
230480
240304
254224
276320
322944
365456
407968
458688
501184
543700
590324
632836
679460
721956
764468
811080
853592
896104
946812
989324
1035948
1078460
1120956
1167580
1210092
1252588
1299196
1341692
1384208
1430816
1477424
1524032
1566544
1609040
1655664
1698160
1740656
1787280
1829792
1872292
1918916
1961412
2003908
2050516
2093012
2139620
192816
206736
216560
230480
240304
254224
276304
322944
365456
407968
458688
501200
543700
590324
632836
679460
721956
764468
811080
853592
896104
946812
989324
1035948
1078444
1120956
1167564
1210076
1252572
1299180
1341676
1384192
1430800
1473312
1515808
1566528
1609024
1655632
1698144
1740640
1787264
1829776
1872276
1918900
1961396
2003892
2050500
2092996
2139604
192816
206736
216560
230480
240304
254224
276320
322944
365456
407952
454576
501184
543700
590324
632836
679460
721972
764468
811096
853608
896104
946828
989340
1035964
1078460
1120972
1167580
1210092
1252588
1299196
1341692
1384192
1430816
1477424
1524032
1566544
1609040
1655664
1698160
1740672
1787280
1829792
1872292
1918916
1961412
2003908
2050532
2093028
2143732
192816
206736
216560
230480
240304
254224
276320
322944
365456
407968
454576
501184
547828
590324
632836
679460
721972
764468
811096
853608
896104
946828
989340
1035948
1078460
1120956
1167580
1210076
1252572
1299196
1341692
1384192
1430816
1473312
1524032
1566528
1609024
1655648
1698144
1740656
1787264
1829776
1872276
1918884
1961396
2003892
2050500
2093012
2139620
192816
206752
216560
230480
240304
254224
276320
322944
365456
407968
454576
501184
543700
590324
632836
679444
721956
764468
811080
853592
896088
946812
989324
1035948
1078444
1120956
1167564
1210076
1252572
1299180
1341676
1384192
1430816
1473312
1524032
1566528
1609040
1655664
1698160
1740672
1787280
1829792
1872292
1918916
1961412
2003908
2050516
2092996
2139604
192816
206736
216560
230480
240304
254224
276320
322944
365456
407968
458688
501200
547828
590324
632836
679460
721972
764468
811096
853608
900216
946828
989340
1035964
1078476
1120972
1167596
1210092
1252588
1299196
1341692
1384208
1430816
1477424
1524048
1566544
1609056
1655664
1698176
1740672
1787296
1829792
1872308
1918916
1961428
2008036
2050532
2093028
2143748
192816
206736
216560
230480
240304
254224
276320
322944
365456
407968
458688
501200
543700
590324
632836
679460
721972
764468
811096
853608
896104
946828
989340
1035964
1078460
1120972
1167580
1210092
1252588
1299196
1341692
1384208
1430816
1477424
1524032
1566544
1609040
1655664
1698160
1740672
1787280
1829792
1872308
1918916
1961428
2008036
2050532
2093028
2143732
192816
206736
216560
230496
240304
254224
276320
322944
365456
407968
458688
501200
547828
590340
632836
679460
721972
764468
811096
853592
896104
946828
989340
1035964
1078460
1120972
1167580
1210092
1252588
1299196
1341692
1384208
1430816
1477424
1524032
1566544
1609040
1655664
1698160
1740672
1787280
1829792
1872292
1918900
1961412
2003908
2050516
2093028
2143732
192816
206736
216560
230480
240304
254224
276320
322944
365456
407952
454576
501184
543700
590324
632836
679460
721956
764468
811080
853592
896104
946828
989340
1035964
1078460
1120972
1167580
1210092
1252588
1299196
1341692
1384208
1430816
1477424
1524048
1566544
1609040
1655664
1698160
1740672
1787280
1829792
1872292
1918916
1961412
2003908
2050532
2093028
2143732
192816
206736
216560
230480
240304
254224
276320
322944
365456
407952
454576
501184
543700
590324
632836
679460
721956
764468
811080
853592
896104
946828
989324
1035948
1078460
1120956
1167580
1210076
1252588
1299196
1341692
1384192
1430816
1477424
1524032
1566544
1609040
1655664
1698160
1740656
1787280
1829792
1872292
1918916
1961412
2003908
2050516
2093012
2143732
192816
206736
216560
230496
240304
254224
276320
322944
365456
407968
458688
501200
547828
590340
632836
679460
721972
764468
811096
853608
896104
946828
989340
1035964
1078460
1120972
1167580
1210092
1252588
1299196
1341692
1384192
1430816
1473312
1524032
1566528
1609024
1655648
1698144
1740656
1787264
1829776
1872276
1918900
1961396
2003892
2050500
2092996
2139620
192816
206736
216560
230480
240304
254224
276320
322944
365456
407968
454576
501184
543700
590324
632836
679460
721972
764468
811096
853592
896104
946828
989340
1035948
1078460
1120956
1167580
1210092
1252588
1299196
1341692
1384208
1430816
1477424
1524048
1566544
1609056
1655664
1698160
1740672
1787280
1829792
1872308
1918916
1961428
2003908
2050516
2093012
2139620
192816
206752
216560
230496
240304
254224
276320
322944
365456
407968
454576
501184
543700
590324
632836
679460
721956
764468
811080
853592
896088
946812
989324
1035932
1078444
1120956
1167564
1210060
1252572
1299180
1341676
1384176
1430800
1473296
1515808
1562416
1609024
1655632
1698144
1740640
1787264
1829760
1872276
1918884
1961380
2003876
2050500
2092996
2139604
192816
206752
216560
230480
240304
254224
276320
322944
365456
407968
458688
501200
547828
590324
632836
679460
721972
764468
811096
853608
896104
946828
989340
1035964
1078460
1120972
1167580
1210092
1252588
1299212
1341692
1384208
1430832
1477424
1524048
1566544
1609040
1655664
1698160
1740672
1787280
1829792
1872292
1918916
1961412
2003908
2050516
2093028
2143732
192816
206736
216560
230480
240304
254224
276320
322944
365456
407968
454576
501184
543700
590324
632836
679460
721972
764468
811096
853592
896104
946828
989340
1035948
1078460
1120956
1167580
1210076
1252588
1299196
1341692
1384192
1430816
1473312
1524032
1566528
1609040
1655648
1698160
1740656
1787264
1829776
1872292
1918900
1961396
2003892
2050516
2093012
2143732
192816
206736
216560
230480
240288
254224
276304
322928
365440
407952
454576
501184
547828
590356
632868
679476
722004
764516
811128
857752
904364
946876
989388
1035996
1078508
1121020
1167644
1210156
1256748
1303372
1345868
1392496
1435008
1477520
1524144
1566656
1609168
1655776
1702384
1748992
1791504
1834016
1880628
1923140
1965636
1978372
1978372
